random_id.id: Refreshing state... [id=byPqVw]
data.aws_ami.ubuntu: Reading...
data.aws_ami.al2023: Reading...
data.aws_availability_zones.available: Reading...
aws_key_pair.lab_key: Refreshing state... [id=ai-lab-key-6f23ea57]
aws_eip.nat_eip: Refreshing state... [id=eipalloc-0208ef44b931102f6]
aws_iam_role.ai_role: Refreshing state... [id=ai-inference-role-6f23ea57]
aws_vpc.ai_vpc: Refreshing state... [id=vpc-0b0a8cd77c5a2e3b4]
data.aws_availability_zones.available: Read complete after 1s [id=us-east-1]
data.aws_ami.ubuntu: Read complete after 1s [id=ami-0d7405d05f836d0d4]
aws_iam_instance_profile.ai_profile: Refreshing state... [id=ai-inference-profile-6f23ea57]
data.aws_ami.al2023: Read complete after 2s [id=ami-03d84abcde942cf8c]
aws_internet_gateway.igw: Refreshing state... [id=igw-0b6dcc8d9d0ca72d1]
aws_subnet.public[1]: Refreshing state... [id=subnet-0846310a83b4296ba]
aws_subnet.public[0]: Refreshing state... [id=subnet-084bbde7a38273a5f]
aws_subnet.private[0]: Refreshing state... [id=subnet-0339e58115ede53d2]
aws_security_group.alb_sg: Refreshing state... [id=sg-03b86bb2863e9d840]
aws_subnet.private[1]: Refreshing state... [id=subnet-070807c62ad405ab0]
aws_lb_target_group.ai_tg: Refreshing state... [id=arn:aws:elasticloadbalancing:us-east-1:345340320264:targetgroup/ai-inference-tg-6f23ea57/7bd0c116607748c4]
aws_security_group.bastion_sg: Refreshing state... [id=sg-01fbc082122c6097a]
aws_route_table.public_rt: Refreshing state... [id=rtb-0d96f7f1fd99d1389]
aws_nat_gateway.nat: Refreshing state... [id=nat-0be097865857d3a7f]
aws_lb.ai_alb: Refreshing state... [id=arn:aws:elasticloadbalancing:us-east-1:345340320264:loadbalancer/app/ai-inference-alb-6f23ea57/e0bb7552613efc60]
aws_security_group.gpu_sg: Refreshing state... [id=sg-02816c94bf35faa8c]
aws_route_table_association.public_assoc[1]: Refreshing state... [id=rtbassoc-0d9e04c056ad218af]
aws_route_table_association.public_assoc[0]: Refreshing state... [id=rtbassoc-01a85cdf6378c0cf4]
aws_route_table.private_rt: Refreshing state... [id=rtb-038869c6a47e9ffaf]
aws_instance.gpu_node: Refreshing state... [id=i-0c74726419aadf205]
aws_route_table_association.private_assoc[0]: Refreshing state... [id=rtbassoc-0e92bb8e5cf82cca9]
aws_route_table_association.private_assoc[1]: Refreshing state... [id=rtbassoc-094e875e770b45c2f]
aws_lb_listener.ai_listener: Refreshing state... [id=arn:aws:elasticloadbalancing:us-east-1:345340320264:listener/app/ai-inference-alb-6f23ea57/e0bb7552613efc60/4eae68b3ae0a6fab]
aws_lb_target_group_attachment.ai_tg_attach: Refreshing state... [id=arn:aws:elasticloadbalancing:us-east-1:345340320264:targetgroup/ai-inference-tg-6f23ea57/7bd0c116607748c4-20260618051445341100000005]

Terraform used the selected providers to generate the following execution
plan. Resource actions are indicated with the following symbols:
  + create

Terraform will perform the following actions:

  # aws_instance.bastion will be created
  + resource "aws_instance" "bastion" {
      + ami                                  = "ami-0d7405d05f836d0d4"
      + arn                                  = (known after apply)
      + associate_public_ip_address          = true
      + availability_zone                    = (known after apply)
      + cpu_core_count                       = (known after apply)
      + cpu_threads_per_core                 = (known after apply)
      + disable_api_stop                     = (known after apply)
      + disable_api_termination              = (known after apply)
      + ebs_optimized                        = (known after apply)
      + enable_primary_ipv6                  = (known after apply)
      + get_password_data                    = false
      + host_id                              = (known after apply)
      + host_resource_group_arn              = (known after apply)
      + iam_instance_profile                 = (known after apply)
      + id                                   = (known after apply)
      + instance_initiated_shutdown_behavior = (known after apply)
      + instance_lifecycle                   = (known after apply)
      + instance_state                       = (known after apply)
      + instance_type                        = "t3.micro"
      + ipv6_address_count                   = (known after apply)
      + ipv6_addresses                       = (known after apply)
      + key_name                             = "ai-lab-key-6f23ea57"
      + monitoring                           = (known after apply)
      + outpost_arn                          = (known after apply)
      + password_data                        = (known after apply)
      + placement_group                      = (known after apply)
      + placement_partition_number           = (known after apply)
      + primary_network_interface_id         = (known after apply)
      + private_dns                          = (known after apply)
      + private_ip                           = (known after apply)
      + public_dns                           = (known after apply)
      + public_ip                            = (known after apply)
      + secondary_private_ips                = (known after apply)
      + security_groups                      = (known after apply)
      + source_dest_check                    = true
      + spot_instance_request_id             = (known after apply)
      + subnet_id                            = "subnet-084bbde7a38273a5f"
      + tags                                 = {
          + "Name" = "AI-Bastion-Host"
        }
      + tags_all                             = {
          + "Name" = "AI-Bastion-Host"
        }
      + tenancy                              = (known after apply)
      + user_data                            = (known after apply)
      + user_data_base64                     = (known after apply)
      + user_data_replace_on_change          = false
      + vpc_security_group_ids               = [
          + "sg-01fbc082122c6097a",
        ]

      + capacity_reservation_specification (known after apply)

      + cpu_options (known after apply)

      + ebs_block_device (known after apply)

      + enclave_options (known after apply)

      + ephemeral_block_device (known after apply)

      + instance_market_options (known after apply)

      + maintenance_options (known after apply)

      + metadata_options (known after apply)

      + network_interface (known after apply)

      + private_dns_name_options (known after apply)

      + root_block_device (known after apply)
    }

Plan: 1 to add, 0 to change, 0 to destroy.

Changes to Outputs:
  + bastion_public_ip = (known after apply)
aws_instance.bastion: Creating...
aws_instance.bastion: Still creating... [00m10s elapsed]
aws_instance.bastion: Creation complete after 17s [id=i-0ca51f10255049e19]

Apply complete! Resources: 1 added, 0 changed, 0 destroyed.

Outputs:

alb_dns_name = "ai-inference-alb-6f23ea57-1482366971.us-east-1.elb.amazonaws.com"
bastion_public_ip = "32.192.41.133"
endpoint_url = "http://ai-inference-alb-6f23ea57-1482366971.us-east-1.elb.amazonaws.com/v1/completions"
gpu_private_ip = "10.0.10.159"
