data.aws_availability_zones.available: Reading...
data.aws_ami.ubuntu: Reading...
data.aws_ami.al2023: Reading...
data.aws_availability_zones.available: Read complete after 1s [id=us-east-1]
data.aws_ami.ubuntu: Read complete after 1s [id=ami-0d7405d05f836d0d4]
data.aws_ami.al2023: Read complete after 2s [id=ami-03d84abcde942cf8c]

Terraform used the selected providers to generate the following execution
plan. Resource actions are indicated with the following symbols:
  + create

Terraform will perform the following actions:

  # aws_eip.nat_eip will be created
  + resource "aws_eip" "nat_eip" {
      + allocation_id        = (known after apply)
      + arn                  = (known after apply)
      + association_id       = (known after apply)
      + carrier_ip           = (known after apply)
      + customer_owned_ip    = (known after apply)
      + domain               = "vpc"
      + id                   = (known after apply)
      + instance             = (known after apply)
      + ipam_pool_id         = (known after apply)
      + network_border_group = (known after apply)
      + network_interface    = (known after apply)
      + private_dns          = (known after apply)
      + private_ip           = (known after apply)
      + ptr_record           = (known after apply)
      + public_dns           = (known after apply)
      + public_ip            = (known after apply)
      + public_ipv4_pool     = (known after apply)
      + tags_all             = (known after apply)
      + vpc                  = (known after apply)
    }

  # aws_iam_instance_profile.ai_profile will be created
  + resource "aws_iam_instance_profile" "ai_profile" {
      + arn         = (known after apply)
      + create_date = (known after apply)
      + id          = (known after apply)
      + name        = (known after apply)
      + name_prefix = (known after apply)
      + path        = "/"
      + role        = (known after apply)
      + tags_all    = (known after apply)
      + unique_id   = (known after apply)
    }

  # aws_iam_role.ai_role will be created
  + resource "aws_iam_role" "ai_role" {
      + arn                   = (known after apply)
      + assume_role_policy    = jsonencode(
            {
              + Statement = [
                  + {
                      + Action    = "sts:AssumeRole"
                      + Effect    = "Allow"
                      + Principal = {
                          + Service = "ec2.amazonaws.com"
                        }
                    },
                ]
              + Version   = "2012-10-17"
            }
        )
      + create_date           = (known after apply)
      + force_detach_policies = false
      + id                    = (known after apply)
      + managed_policy_arns   = (known after apply)
      + max_session_duration  = 3600
      + name                  = (known after apply)
      + name_prefix           = (known after apply)
      + path                  = "/"
      + tags_all              = (known after apply)
      + unique_id             = (known after apply)

      + inline_policy (known after apply)
    }

  # aws_instance.bastion will be created
  + resource "aws_instance" "bastion" {
      + ami                                  = "ami-0d7405d05f836d0d4"
      + arn                                  = (known after apply)
      + associate_public_ip_address          = true
      + availability_zone                    = (known after apply)
      + cpu_core_count                       = (known after apply)
      + cpu_threads_per_core                 = (known after apply)
      + disable_api_stop                     = (known after apply)
      + disable_api_termination              = (known after apply)
      + ebs_optimized                        = (known after apply)
      + enable_primary_ipv6                  = (known after apply)
      + get_password_data                    = false
      + host_id                              = (known after apply)
      + host_resource_group_arn              = (known after apply)
      + iam_instance_profile                 = (known after apply)
      + id                                   = (known after apply)
      + instance_initiated_shutdown_behavior = (known after apply)
      + instance_lifecycle                   = (known after apply)
      + instance_state                       = (known after apply)
      + instance_type                        = "t3.micro"
      + ipv6_address_count                   = (known after apply)
      + ipv6_addresses                       = (known after apply)
      + key_name                             = (known after apply)
      + monitoring                           = (known after apply)
      + outpost_arn                          = (known after apply)
      + password_data                        = (known after apply)
      + placement_group                      = (known after apply)
      + placement_partition_number           = (known after apply)
      + primary_network_interface_id         = (known after apply)
      + private_dns                          = (known after apply)
      + private_ip                           = (known after apply)
      + public_dns                           = (known after apply)
      + public_ip                            = (known after apply)
      + secondary_private_ips                = (known after apply)
      + security_groups                      = (known after apply)
      + source_dest_check                    = true
      + spot_instance_request_id             = (known after apply)
      + subnet_id                            = (known after apply)
      + tags                                 = {
          + "Name" = "AI-Bastion-Host"
        }
      + tags_all                             = {
          + "Name" = "AI-Bastion-Host"
        }
      + tenancy                              = (known after apply)
      + user_data                            = (known after apply)
      + user_data_base64                     = (known after apply)
      + user_data_replace_on_change          = false
      + vpc_security_group_ids               = (known after apply)

      + capacity_reservation_specification (known after apply)

      + cpu_options (known after apply)

      + ebs_block_device (known after apply)

      + enclave_options (known after apply)

      + ephemeral_block_device (known after apply)

      + instance_market_options (known after apply)

      + maintenance_options (known after apply)

      + metadata_options (known after apply)

      + network_interface (known after apply)

      + private_dns_name_options (known after apply)

      + root_block_device (known after apply)
    }

  # aws_instance.gpu_node will be created
  + resource "aws_instance" "gpu_node" {
      + ami                                  = "ami-03d84abcde942cf8c"
      + arn                                  = (known after apply)
      + associate_public_ip_address          = (known after apply)
      + availability_zone                    = (known after apply)
      + cpu_core_count                       = (known after apply)
      + cpu_threads_per_core                 = (known after apply)
      + disable_api_stop                     = (known after apply)
      + disable_api_termination              = (known after apply)
      + ebs_optimized                        = (known after apply)
      + enable_primary_ipv6                  = (known after apply)
      + get_password_data                    = false
      + host_id                              = (known after apply)
      + host_resource_group_arn              = (known after apply)
      + iam_instance_profile                 = (known after apply)
      + id                                   = (known after apply)
      + instance_initiated_shutdown_behavior = (known after apply)
      + instance_lifecycle                   = (known after apply)
      + instance_state                       = (known after apply)
      + instance_type                        = "r5.2xlarge"
      + ipv6_address_count                   = (known after apply)
      + ipv6_addresses                       = (known after apply)
      + key_name                             = (known after apply)
      + monitoring                           = (known after apply)
      + outpost_arn                          = (known after apply)
      + password_data                        = (known after apply)
      + placement_group                      = (known after apply)
      + placement_partition_number           = (known after apply)
      + primary_network_interface_id         = (known after apply)
      + private_dns                          = (known after apply)
      + private_ip                           = (known after apply)
      + public_dns                           = (known after apply)
      + public_ip                            = (known after apply)
      + secondary_private_ips                = (known after apply)
      + security_groups                      = (known after apply)
      + source_dest_check                    = true
      + spot_instance_request_id             = (known after apply)
      + subnet_id                            = (known after apply)
      + tags                                 = {
          + "Name" = "AI-Inference-Node"
        }
      + tags_all                             = {
          + "Name" = "AI-Inference-Node"
        }
      + tenancy                              = (known after apply)
      + user_data                            = "5cb99d8197ff3b63075a0f6bc2d51cf7ef6a674b"
      + user_data_base64                     = (known after apply)
      + user_data_replace_on_change          = false
      + vpc_security_group_ids               = (known after apply)

      + capacity_reservation_specification (known after apply)

      + cpu_options (known after apply)

      + ebs_block_device (known after apply)

      + enclave_options (known after apply)

      + ephemeral_block_device (known after apply)

      + instance_market_options (known after apply)

      + maintenance_options (known after apply)

      + metadata_options (known after apply)

      + network_interface (known after apply)

      + private_dns_name_options (known after apply)

      + root_block_device {
          + delete_on_termination = true
          + device_name           = (known after apply)
          + encrypted             = (known after apply)
          + iops                  = (known after apply)
          + kms_key_id            = (known after apply)
          + tags_all              = (known after apply)
          + throughput            = (known after apply)
          + volume_id             = (known after apply)
          + volume_size           = 100
          + volume_type           = "gp3"
        }
    }

  # aws_internet_gateway.igw will be created
  + resource "aws_internet_gateway" "igw" {
      + arn      = (known after apply)
      + id       = (known after apply)
      + owner_id = (known after apply)
      + tags     = {
          + "Name" = "AI-IGW"
        }
      + tags_all = {
          + "Name" = "AI-IGW"
        }
      + vpc_id   = (known after apply)
    }

  # aws_key_pair.lab_key will be created
  + resource "aws_key_pair" "lab_key" {
      + arn             = (known after apply)
      + fingerprint     = (known after apply)
      + id              = (known after apply)
      + key_name        = (known after apply)
      + key_name_prefix = (known after apply)
      + key_pair_id     = (known after apply)
      + key_type        = (known after apply)
      + public_key      = "ssh-rsa AAAAB3NzaC1yc2EAAAADAQABAAACAQCLcPmMSK8MXRqYf+EniLmHAd0LdO/VLAcdNO8v12RQ24Uyx3wm3HEHMgO9vNYKtWeTbWcORdxS5NK2N4ScMmdXVUo/9LxWa/cbvYZa5kDLZy7cqT5IBNMYOX3oLQTcqQkthGX9MSV8sS92HVc1xuTLSowajw2UvHdu4PDMIQ98oeRR8JNXF1XILMCkAxzxLp1W2q+XZ+X702az9ULEMPIXRL0n7AQltlGfugR7uj9HCxgg5lY2s04h0tjFcHf/Z+W87xvfWyWqvNK05RpQaTBYRLEd00BHGNWW+qT/jIXFumfIf1dx2XjI/tZ+w10f2XLDCfuVPIq2XY3X1nXYo9j3ym/oY7h162M0SOBGTzKb1yJEmuImZxeZ1b9salBYCzeRjHl/jit7uSHCKMjvOLmlxPF1TM7d2F3eAjSu17kCXGP/7ID7Xcium0XDo9BeD8at2JPdgE55u8Py1ettiYy/SsTx4ciTM0OXeZhR5lc+iJI/XgSKsnRSv2OuUoLRISwntMmZ7hvHxBG76UIMYbJN3p7G3KBBnbJOjR0Obt9fonRe7mpqse7afkThTxFO8oV57sS2FEDXRFf8mHsTFcSI5/VbElVHEDrKJN9eeyLYOvAjpvmlL1QNTNBCOuMDVn1Zda/tafp/AfB4E+F2iQ9ZAe+gKOUhXvWk5Zjri84pZw== ai-lab-key"
      + tags_all        = (known after apply)
    }

  # aws_lb.ai_alb will be created
  + resource "aws_lb" "ai_alb" {
      + arn                                                          = (known after apply)
      + arn_suffix                                                   = (known after apply)
      + client_keep_alive                                            = 3600
      + desync_mitigation_mode                                       = "defensive"
      + dns_name                                                     = (known after apply)
      + drop_invalid_header_fields                                   = false
      + enable_deletion_protection                                   = false
      + enable_http2                                                 = true
      + enable_tls_version_and_cipher_suite_headers                  = false
      + enable_waf_fail_open                                         = false
      + enable_xff_client_port                                       = false
      + enable_zonal_shift                                           = false
      + enforce_security_group_inbound_rules_on_private_link_traffic = (known after apply)
      + id                                                           = (known after apply)
      + idle_timeout                                                 = 60
      + internal                                                     = false
      + ip_address_type                                              = (known after apply)
      + load_balancer_type                                           = "application"
      + name                                                         = (known after apply)
      + name_prefix                                                  = (known after apply)
      + preserve_host_header                                         = false
      + security_groups                                              = (known after apply)
      + subnets                                                      = (known after apply)
      + tags_all                                                     = (known after apply)
      + vpc_id                                                       = (known after apply)
      + xff_header_processing_mode                                   = "append"
      + zone_id                                                      = (known after apply)

      + subnet_mapping (known after apply)
    }

  # aws_lb_listener.ai_listener will be created
  + resource "aws_lb_listener" "ai_listener" {
      + arn                                                                   = (known after apply)
      + id                                                                    = (known after apply)
      + load_balancer_arn                                                     = (known after apply)
      + port                                                                  = 80
      + protocol                                                              = "HTTP"
      + routing_http_request_x_amzn_mtls_clientcert_header_name               = (known after apply)
      + routing_http_request_x_amzn_mtls_clientcert_issuer_header_name        = (known after apply)
      + routing_http_request_x_amzn_mtls_clientcert_leaf_header_name          = (known after apply)
      + routing_http_request_x_amzn_mtls_clientcert_serial_number_header_name = (known after apply)
      + routing_http_request_x_amzn_mtls_clientcert_subject_header_name       = (known after apply)
      + routing_http_request_x_amzn_mtls_clientcert_validity_header_name      = (known after apply)
      + routing_http_request_x_amzn_tls_cipher_suite_header_name              = (known after apply)
      + routing_http_request_x_amzn_tls_version_header_name                   = (known after apply)
      + routing_http_response_access_control_allow_credentials_header_value   = (known after apply)
      + routing_http_response_access_control_allow_headers_header_value       = (known after apply)
      + routing_http_response_access_control_allow_methods_header_value       = (known after apply)
      + routing_http_response_access_control_allow_origin_header_value        = (known after apply)
      + routing_http_response_access_control_expose_headers_header_value      = (known after apply)
      + routing_http_response_access_control_max_age_header_value             = (known after apply)
      + routing_http_response_content_security_policy_header_value            = (known after apply)
      + routing_http_response_server_enabled                                  = (known after apply)
      + routing_http_response_strict_transport_security_header_value          = (known after apply)
      + routing_http_response_x_content_type_options_header_value             = (known after apply)
      + routing_http_response_x_frame_options_header_value                    = (known after apply)
      + ssl_policy                                                            = (known after apply)
      + tags_all                                                              = (known after apply)
      + tcp_idle_timeout_seconds                                              = (known after apply)

      + default_action {
          + order            = (known after apply)
          + target_group_arn = (known after apply)
          + type             = "forward"
        }

      + mutual_authentication (known after apply)
    }

  # aws_lb_target_group.ai_tg will be created
  + resource "aws_lb_target_group" "ai_tg" {
      + arn                                = (known after apply)
      + arn_suffix                         = (known after apply)
      + connection_termination             = (known after apply)
      + deregistration_delay               = "300"
      + id                                 = (known after apply)
      + ip_address_type                    = (known after apply)
      + lambda_multi_value_headers_enabled = false
      + load_balancer_arns                 = (known after apply)
      + load_balancing_algorithm_type      = (known after apply)
      + load_balancing_anomaly_mitigation  = (known after apply)
      + load_balancing_cross_zone_enabled  = (known after apply)
      + name                               = (known after apply)
      + name_prefix                        = (known after apply)
      + port                               = 8000
      + preserve_client_ip                 = (known after apply)
      + protocol                           = "HTTP"
      + protocol_version                   = (known after apply)
      + proxy_protocol_v2                  = false
      + slow_start                         = 0
      + tags_all                           = (known after apply)
      + target_type                        = "instance"
      + vpc_id                             = (known after apply)

      + health_check {
          + enabled             = true
          + healthy_threshold   = 2
          + interval            = 30
          + matcher             = "200"
          + path                = "/health"
          + port                = "traffic-port"
          + protocol            = "HTTP"
          + timeout             = 5
          + unhealthy_threshold = 2
        }

      + stickiness (known after apply)

      + target_failover (known after apply)

      + target_group_health (known after apply)

      + target_health_state (known after apply)
    }

  # aws_lb_target_group_attachment.ai_tg_attach will be created
  + resource "aws_lb_target_group_attachment" "ai_tg_attach" {
      + id               = (known after apply)
      + port             = 8000
      + target_group_arn = (known after apply)
      + target_id        = (known after apply)
    }

  # aws_nat_gateway.nat will be created
  + resource "aws_nat_gateway" "nat" {
      + allocation_id                      = (known after apply)
      + association_id                     = (known after apply)
      + connectivity_type                  = "public"
      + id                                 = (known after apply)
      + network_interface_id               = (known after apply)
      + private_ip                         = (known after apply)
      + public_ip                          = (known after apply)
      + secondary_private_ip_address_count = (known after apply)
      + secondary_private_ip_addresses     = (known after apply)
      + subnet_id                          = (known after apply)
      + tags                               = {
          + "Name" = "AI-NAT"
        }
      + tags_all                           = {
          + "Name" = "AI-NAT"
        }
    }

  # aws_route_table.private_rt will be created
  + resource "aws_route_table" "private_rt" {
      + arn              = (known after apply)
      + id               = (known after apply)
      + owner_id         = (known after apply)
      + propagating_vgws = (known after apply)
      + route            = [
          + {
              + cidr_block                 = "0.0.0.0/0"
              + nat_gateway_id             = (known after apply)
                # (11 unchanged attributes hidden)
            },
        ]
      + tags_all         = (known after apply)
      + vpc_id           = (known after apply)
    }

  # aws_route_table.public_rt will be created
  + resource "aws_route_table" "public_rt" {
      + arn              = (known after apply)
      + id               = (known after apply)
      + owner_id         = (known after apply)
      + propagating_vgws = (known after apply)
      + route            = [
          + {
              + cidr_block                 = "0.0.0.0/0"
              + gateway_id                 = (known after apply)
                # (11 unchanged attributes hidden)
            },
        ]
      + tags_all         = (known after apply)
      + vpc_id           = (known after apply)
    }

  # aws_route_table_association.private_assoc[0] will be created
  + resource "aws_route_table_association" "private_assoc" {
      + id             = (known after apply)
      + route_table_id = (known after apply)
      + subnet_id      = (known after apply)
    }

  # aws_route_table_association.private_assoc[1] will be created
  + resource "aws_route_table_association" "private_assoc" {
      + id             = (known after apply)
      + route_table_id = (known after apply)
      + subnet_id      = (known after apply)
    }

  # aws_route_table_association.public_assoc[0] will be created
  + resource "aws_route_table_association" "public_assoc" {
      + id             = (known after apply)
      + route_table_id = (known after apply)
      + subnet_id      = (known after apply)
    }

  # aws_route_table_association.public_assoc[1] will be created
  + resource "aws_route_table_association" "public_assoc" {
      + id             = (known after apply)
      + route_table_id = (known after apply)
      + subnet_id      = (known after apply)
    }

  # aws_security_group.alb_sg will be created
  + resource "aws_security_group" "alb_sg" {
      + arn                    = (known after apply)
      + description            = "Allow HTTP inbound to ALB"
      + egress                 = [
          + {
              + cidr_blocks      = [
                  + "0.0.0.0/0",
                ]
              + from_port        = 0
              + ipv6_cidr_blocks = []
              + prefix_list_ids  = []
              + protocol         = "-1"
              + security_groups  = []
              + self             = false
              + to_port          = 0
                # (1 unchanged attribute hidden)
            },
        ]
      + id                     = (known after apply)
      + ingress                = [
          + {
              + cidr_blocks      = [
                  + "0.0.0.0/0",
                ]
              + from_port        = 80
              + ipv6_cidr_blocks = []
              + prefix_list_ids  = []
              + protocol         = "tcp"
              + security_groups  = []
              + self             = false
              + to_port          = 80
                # (1 unchanged attribute hidden)
            },
        ]
      + name                   = "ai-alb-sg"
      + name_prefix            = (known after apply)
      + owner_id               = (known after apply)
      + revoke_rules_on_delete = false
      + tags_all               = (known after apply)
      + vpc_id                 = (known after apply)
    }

  # aws_security_group.bastion_sg will be created
  + resource "aws_security_group" "bastion_sg" {
      + arn                    = (known after apply)
      + description            = "Allow SSH inbound to Bastion"
      + egress                 = [
          + {
              + cidr_blocks      = [
                  + "0.0.0.0/0",
                ]
              + from_port        = 0
              + ipv6_cidr_blocks = []
              + prefix_list_ids  = []
              + protocol         = "-1"
              + security_groups  = []
              + self             = false
              + to_port          = 0
                # (1 unchanged attribute hidden)
            },
        ]
      + id                     = (known after apply)
      + ingress                = [
          + {
              + cidr_blocks      = [
                  + "0.0.0.0/0",
                ]
              + from_port        = 22
              + ipv6_cidr_blocks = []
              + prefix_list_ids  = []
              + protocol         = "tcp"
              + security_groups  = []
              + self             = false
              + to_port          = 22
                # (1 unchanged attribute hidden)
            },
        ]
      + name                   = "ai-bastion-sg"
      + name_prefix            = (known after apply)
      + owner_id               = (known after apply)
      + revoke_rules_on_delete = false
      + tags_all               = (known after apply)
      + vpc_id                 = (known after apply)
    }

  # aws_security_group.gpu_sg will be created
  + resource "aws_security_group" "gpu_sg" {
      + arn                    = (known after apply)
      + description            = "Allow SSH from Bastion and HTTP from ALB"
      + egress                 = [
          + {
              + cidr_blocks      = [
                  + "0.0.0.0/0",
                ]
              + from_port        = 0
              + ipv6_cidr_blocks = []
              + prefix_list_ids  = []
              + protocol         = "-1"
              + security_groups  = []
              + self             = false
              + to_port          = 0
                # (1 unchanged attribute hidden)
            },
        ]
      + id                     = (known after apply)
      + ingress                = [
          + {
              + cidr_blocks      = []
              + from_port        = 22
              + ipv6_cidr_blocks = []
              + prefix_list_ids  = []
              + protocol         = "tcp"
              + security_groups  = (known after apply)
              + self             = false
              + to_port          = 22
                # (1 unchanged attribute hidden)
            },
          + {
              + cidr_blocks      = []
              + from_port        = 8000
              + ipv6_cidr_blocks = []
              + prefix_list_ids  = []
              + protocol         = "tcp"
              + security_groups  = (known after apply)
              + self             = false
              + to_port          = 8000
                # (1 unchanged attribute hidden)
            },
        ]
      + name                   = "ai-gpu-node-sg"
      + name_prefix            = (known after apply)
      + owner_id               = (known after apply)
      + revoke_rules_on_delete = false
      + tags_all               = (known after apply)
      + vpc_id                 = (known after apply)
    }

  # aws_subnet.private[0] will be created
  + resource "aws_subnet" "private" {
      + arn                                            = (known after apply)
      + assign_ipv6_address_on_creation                = false
      + availability_zone                              = "us-east-1a"
      + availability_zone_id                           = (known after apply)
      + cidr_block                                     = "10.0.10.0/24"
      + enable_dns64                                   = false
      + enable_resource_name_dns_a_record_on_launch    = false
      + enable_resource_name_dns_aaaa_record_on_launch = false
      + id                                             = (known after apply)
      + ipv6_cidr_block_association_id                 = (known after apply)
      + ipv6_native                                    = false
      + map_public_ip_on_launch                        = false
      + owner_id                                       = (known after apply)
      + private_dns_hostname_type_on_launch            = (known after apply)
      + tags                                           = {
          + "Name" = "Private-Subnet-0"
        }
      + tags_all                                       = {
          + "Name" = "Private-Subnet-0"
        }
      + vpc_id                                         = (known after apply)
    }

  # aws_subnet.private[1] will be created
  + resource "aws_subnet" "private" {
      + arn                                            = (known after apply)
      + assign_ipv6_address_on_creation                = false
      + availability_zone                              = "us-east-1b"
      + availability_zone_id                           = (known after apply)
      + cidr_block                                     = "10.0.11.0/24"
      + enable_dns64                                   = false
      + enable_resource_name_dns_a_record_on_launch    = false
      + enable_resource_name_dns_aaaa_record_on_launch = false
      + id                                             = (known after apply)
      + ipv6_cidr_block_association_id                 = (known after apply)
      + ipv6_native                                    = false
      + map_public_ip_on_launch                        = false
      + owner_id                                       = (known after apply)
      + private_dns_hostname_type_on_launch            = (known after apply)
      + tags                                           = {
          + "Name" = "Private-Subnet-1"
        }
      + tags_all                                       = {
          + "Name" = "Private-Subnet-1"
        }
      + vpc_id                                         = (known after apply)
    }

  # aws_subnet.public[0] will be created
  + resource "aws_subnet" "public" {
      + arn                                            = (known after apply)
      + assign_ipv6_address_on_creation                = false
      + availability_zone                              = "us-east-1a"
      + availability_zone_id                           = (known after apply)
      + cidr_block                                     = "10.0.0.0/24"
      + enable_dns64                                   = false
      + enable_resource_name_dns_a_record_on_launch    = false
      + enable_resource_name_dns_aaaa_record_on_launch = false
      + id                                             = (known after apply)
      + ipv6_cidr_block_association_id                 = (known after apply)
      + ipv6_native                                    = false
      + map_public_ip_on_launch                        = true
      + owner_id                                       = (known after apply)
      + private_dns_hostname_type_on_launch            = (known after apply)
      + tags                                           = {
          + "Name" = "Public-Subnet-0"
        }
      + tags_all                                       = {
          + "Name" = "Public-Subnet-0"
        }
      + vpc_id                                         = (known after apply)
    }

  # aws_subnet.public[1] will be created
  + resource "aws_subnet" "public" {
      + arn                                            = (known after apply)
      + assign_ipv6_address_on_creation                = false
      + availability_zone                              = "us-east-1b"
      + availability_zone_id                           = (known after apply)
      + cidr_block                                     = "10.0.1.0/24"
      + enable_dns64                                   = false
      + enable_resource_name_dns_a_record_on_launch    = false
      + enable_resource_name_dns_aaaa_record_on_launch = false
      + id                                             = (known after apply)
      + ipv6_cidr_block_association_id                 = (known after apply)
      + ipv6_native                                    = false
      + map_public_ip_on_launch                        = true
      + owner_id                                       = (known after apply)
      + private_dns_hostname_type_on_launch            = (known after apply)
      + tags                                           = {
          + "Name" = "Public-Subnet-1"
        }
      + tags_all                                       = {
          + "Name" = "Public-Subnet-1"
        }
      + vpc_id                                         = (known after apply)
    }

  # aws_vpc.ai_vpc will be created
  + resource "aws_vpc" "ai_vpc" {
      + arn                                  = (known after apply)
      + cidr_block                           = "10.0.0.0/16"
      + default_network_acl_id               = (known after apply)
      + default_route_table_id               = (known after apply)
      + default_security_group_id            = (known after apply)
      + dhcp_options_id                      = (known after apply)
      + enable_dns_hostnames                 = true
      + enable_dns_support                   = true
      + enable_network_address_usage_metrics = (known after apply)
      + id                                   = (known after apply)
      + instance_tenancy                     = "default"
      + ipv6_association_id                  = (known after apply)
      + ipv6_cidr_block                      = (known after apply)
      + ipv6_cidr_block_network_border_group = (known after apply)
      + main_route_table_id                  = (known after apply)
      + owner_id                             = (known after apply)
      + tags                                 = {
          + "Name" = "AI-VPC"
        }
      + tags_all                             = {
          + "Name" = "AI-VPC"
        }
    }

  # random_id.id will be created
  + resource "random_id" "id" {
      + b64_std     = (known after apply)
      + b64_url     = (known after apply)
      + byte_length = 4
      + dec         = (known after apply)
      + hex         = (known after apply)
      + id          = (known after apply)
    }

Plan: 27 to add, 0 to change, 0 to destroy.

Changes to Outputs:
  + alb_dns_name      = (known after apply)
  + bastion_public_ip = (known after apply)
  + endpoint_url      = (known after apply)
  + gpu_private_ip    = (known after apply)
random_id.id: Creating...
random_id.id: Creation complete after 0s [id=byPqVw]
aws_key_pair.lab_key: Creating...
aws_vpc.ai_vpc: Creating...
aws_eip.nat_eip: Creating...
aws_iam_role.ai_role: Creating...
aws_key_pair.lab_key: Creation complete after 2s [id=ai-lab-key-6f23ea57]
aws_iam_role.ai_role: Creation complete after 2s [id=ai-inference-role-6f23ea57]
aws_iam_instance_profile.ai_profile: Creating...
aws_eip.nat_eip: Creation complete after 5s [id=eipalloc-0208ef44b931102f6]
aws_iam_instance_profile.ai_profile: Creation complete after 8s [id=ai-inference-profile-6f23ea57]
aws_vpc.ai_vpc: Still creating... [00m10s elapsed]
aws_vpc.ai_vpc: Creation complete after 15s [id=vpc-0b0a8cd77c5a2e3b4]
aws_internet_gateway.igw: Creating...
aws_subnet.public[0]: Creating...
aws_subnet.private[0]: Creating...
aws_subnet.public[1]: Creating...
aws_subnet.private[1]: Creating...
aws_security_group.alb_sg: Creating...
aws_lb_target_group.ai_tg: Creating...
aws_security_group.bastion_sg: Creating...
aws_subnet.private[1]: Creation complete after 2s [id=subnet-070807c62ad405ab0]
aws_internet_gateway.igw: Creation complete after 2s [id=igw-0b6dcc8d9d0ca72d1]
aws_route_table.public_rt: Creating...
aws_lb_target_group.ai_tg: Creation complete after 4s [id=arn:aws:elasticloadbalancing:us-east-1:345340320264:targetgroup/ai-inference-tg-6f23ea57/7bd0c116607748c4]
aws_subnet.private[0]: Creation complete after 5s [id=subnet-0339e58115ede53d2]
aws_route_table.public_rt: Creation complete after 3s [id=rtb-0d96f7f1fd99d1389]
aws_security_group.alb_sg: Creation complete after 6s [id=sg-03b86bb2863e9d840]
aws_security_group.bastion_sg: Creation complete after 6s [id=sg-01fbc082122c6097a]
aws_security_group.gpu_sg: Creating...
aws_subnet.public[0]: Still creating... [00m10s elapsed]
aws_subnet.public[1]: Still creating... [00m10s elapsed]
aws_security_group.gpu_sg: Creation complete after 5s [id=sg-02816c94bf35faa8c]
aws_instance.gpu_node: Creating...
aws_subnet.public[0]: Creation complete after 13s [id=subnet-084bbde7a38273a5f]
aws_nat_gateway.nat: Creating...
aws_instance.bastion: Creating...
aws_subnet.public[1]: Creation complete after 13s [id=subnet-0846310a83b4296ba]
aws_route_table_association.public_assoc[1]: Creating...
aws_route_table_association.public_assoc[0]: Creating...
aws_lb.ai_alb: Creating...
aws_route_table_association.public_assoc[0]: Creation complete after 1s [id=rtbassoc-01a85cdf6378c0cf4]
aws_route_table_association.public_assoc[1]: Creation complete after 1s [id=rtbassoc-0d9e04c056ad218af]
aws_instance.gpu_node: Still creating... [00m10s elapsed]
aws_nat_gateway.nat: Still creating... [00m10s elapsed]
aws_lb.ai_alb: Still creating... [00m10s elapsed]
aws_instance.gpu_node: Creation complete after 16s [id=i-0c74726419aadf205]
aws_lb_target_group_attachment.ai_tg_attach: Creating...
aws_lb_target_group_attachment.ai_tg_attach: Creation complete after 0s [id=arn:aws:elasticloadbalancing:us-east-1:345340320264:targetgroup/ai-inference-tg-6f23ea57/7bd0c116607748c4-20260618051445341100000005]
aws_nat_gateway.nat: Still creating... [00m20s elapsed]
aws_lb.ai_alb: Still creating... [00m20s elapsed]
aws_nat_gateway.nat: Still creating... [00m30s elapsed]
aws_lb.ai_alb: Still creating... [00m30s elapsed]
aws_nat_gateway.nat: Still creating... [00m40s elapsed]
aws_lb.ai_alb: Still creating... [00m40s elapsed]
aws_nat_gateway.nat: Still creating... [00m50s elapsed]
aws_lb.ai_alb: Still creating... [00m50s elapsed]
aws_nat_gateway.nat: Still creating... [01m00s elapsed]
aws_lb.ai_alb: Still creating... [01m00s elapsed]
aws_nat_gateway.nat: Still creating... [01m10s elapsed]
aws_lb.ai_alb: Still creating... [01m10s elapsed]
aws_nat_gateway.nat: Still creating... [01m20s elapsed]
aws_lb.ai_alb: Still creating... [01m20s elapsed]
aws_nat_gateway.nat: Still creating... [01m30s elapsed]
aws_lb.ai_alb: Still creating... [01m30s elapsed]
aws_nat_gateway.nat: Creation complete after 1m38s [id=nat-0be097865857d3a7f]
aws_route_table.private_rt: Creating...
aws_lb.ai_alb: Still creating... [01m40s elapsed]
aws_route_table.private_rt: Creation complete after 2s [id=rtb-038869c6a47e9ffaf]
aws_route_table_association.private_assoc[1]: Creating...
aws_route_table_association.private_assoc[0]: Creating...
aws_route_table_association.private_assoc[1]: Creation complete after 2s [id=rtbassoc-094e875e770b45c2f]
aws_route_table_association.private_assoc[0]: Creation complete after 2s [id=rtbassoc-0e92bb8e5cf82cca9]
aws_lb.ai_alb: Still creating... [01m50s elapsed]
aws_lb.ai_alb: Still creating... [02m00s elapsed]
aws_lb.ai_alb: Still creating... [02m10s elapsed]
aws_lb.ai_alb: Still creating... [02m20s elapsed]
aws_lb.ai_alb: Still creating... [02m30s elapsed]
aws_lb.ai_alb: Still creating... [02m40s elapsed]
aws_lb.ai_alb: Still creating... [02m50s elapsed]
aws_lb.ai_alb: Still creating... [03m00s elapsed]
aws_lb.ai_alb: Still creating... [03m10s elapsed]
aws_lb.ai_alb: Still creating... [03m20s elapsed]
aws_lb.ai_alb: Creation complete after 3m28s [id=arn:aws:elasticloadbalancing:us-east-1:345340320264:loadbalancer/app/ai-inference-alb-6f23ea57/e0bb7552613efc60]
aws_lb_listener.ai_listener: Creating...
aws_lb_listener.ai_listener: Creation complete after 2s [id=arn:aws:elasticloadbalancing:us-east-1:345340320264:listener/app/ai-inference-alb-6f23ea57/e0bb7552613efc60/4eae68b3ae0a6fab]

Error: creating EC2 Instance: operation error EC2: RunInstances, https response error StatusCode: 400, RequestID: 8151200e-8857-4768-a550-066b2800746c, api error VcpuLimitExceeded: You have requested more vCPU capacity than your current vCPU limit of 8 allows for the instance bucket that the specified instance type belongs to. Please visit http://aws.amazon.com/contact-us/ec2-request to request an adjustment to this limit.

  with aws_instance.bastion,
  on main.tf line 165, in resource "aws_instance" "bastion":
 165: resource "aws_instance" "bastion" {

