random_id.id: Refreshing state... [id=byPqVw]
data.aws_availability_zones.available: Reading...
data.aws_ami.ubuntu: Reading...
data.aws_ami.al2023: Reading...
aws_key_pair.lab_key: Refreshing state... [id=ai-lab-key-6f23ea57]
aws_eip.nat_eip: Refreshing state... [id=eipalloc-0208ef44b931102f6]
aws_vpc.ai_vpc: Refreshing state... [id=vpc-0b0a8cd77c5a2e3b4]
aws_iam_role.ai_role: Refreshing state... [id=ai-inference-role-6f23ea57]
data.aws_availability_zones.available: Read complete after 1s [id=us-east-1]
data.aws_ami.ubuntu: Read complete after 1s [id=ami-0d7405d05f836d0d4]
aws_iam_instance_profile.ai_profile: Refreshing state... [id=ai-inference-profile-6f23ea57]
data.aws_ami.al2023: Read complete after 3s [id=ami-03d84abcde942cf8c]
aws_internet_gateway.igw: Refreshing state... [id=igw-0b6dcc8d9d0ca72d1]
aws_subnet.private[0]: Refreshing state... [id=subnet-0339e58115ede53d2]
aws_subnet.public[0]: Refreshing state... [id=subnet-084bbde7a38273a5f]
aws_subnet.private[1]: Refreshing state... [id=subnet-070807c62ad405ab0]
aws_security_group.alb_sg: Refreshing state... [id=sg-03b86bb2863e9d840]
aws_subnet.public[1]: Refreshing state... [id=subnet-0846310a83b4296ba]
aws_security_group.bastion_sg: Refreshing state... [id=sg-01fbc082122c6097a]
aws_lb_target_group.ai_tg: Refreshing state... [id=arn:aws:elasticloadbalancing:us-east-1:345340320264:targetgroup/ai-inference-tg-6f23ea57/7bd0c116607748c4]
aws_route_table.public_rt: Refreshing state... [id=rtb-0d96f7f1fd99d1389]
aws_nat_gateway.nat: Refreshing state... [id=nat-0be097865857d3a7f]
aws_lb.ai_alb: Refreshing state... [id=arn:aws:elasticloadbalancing:us-east-1:345340320264:loadbalancer/app/ai-inference-alb-6f23ea57/e0bb7552613efc60]
aws_route_table.private_rt: Refreshing state... [id=rtb-038869c6a47e9ffaf]
aws_security_group.gpu_sg: Refreshing state... [id=sg-02816c94bf35faa8c]
aws_instance.bastion: Refreshing state... [id=i-0ca51f10255049e19]
aws_route_table_association.private_assoc[0]: Refreshing state... [id=rtbassoc-0e92bb8e5cf82cca9]
aws_route_table_association.private_assoc[1]: Refreshing state... [id=rtbassoc-094e875e770b45c2f]
aws_instance.gpu_node: Refreshing state... [id=i-0c74726419aadf205]
aws_route_table_association.public_assoc[0]: Refreshing state... [id=rtbassoc-01a85cdf6378c0cf4]
aws_route_table_association.public_assoc[1]: Refreshing state... [id=rtbassoc-0d9e04c056ad218af]
aws_lb_listener.ai_listener: Refreshing state... [id=arn:aws:elasticloadbalancing:us-east-1:345340320264:listener/app/ai-inference-alb-6f23ea57/e0bb7552613efc60/4eae68b3ae0a6fab]
aws_lb_target_group_attachment.ai_tg_attach: Refreshing state... [id=arn:aws:elasticloadbalancing:us-east-1:345340320264:targetgroup/ai-inference-tg-6f23ea57/7bd0c116607748c4-20260618051445341100000005]

Terraform used the selected providers to generate the following execution
plan. Resource actions are indicated with the following symbols:
  - destroy

Terraform will perform the following actions:

  # aws_eip.nat_eip will be destroyed
  - resource "aws_eip" "nat_eip" {
      - allocation_id            = "eipalloc-0208ef44b931102f6" -> null
      - arn                      = "arn:aws:ec2:us-east-1:345340320264:elastic-ip/eipalloc-0208ef44b931102f6" -> null
      - association_id           = "eipassoc-030360e34ca79d42e" -> null
      - domain                   = "vpc" -> null
      - id                       = "eipalloc-0208ef44b931102f6" -> null
      - network_border_group     = "us-east-1" -> null
      - network_interface        = "eni-08927803d6a6f6b81" -> null
      - private_dns              = "ip-10-0-0-106.ec2.internal" -> null
      - private_ip               = "10.0.0.106" -> null
      - public_dns               = "ec2-34-226-32-117.compute-1.amazonaws.com" -> null
      - public_ip                = "34.226.32.117" -> null
      - public_ipv4_pool         = "amazon" -> null
      - tags                     = {} -> null
      - tags_all                 = {} -> null
      - vpc                      = true -> null
        # (5 unchanged attributes hidden)
    }

  # aws_iam_instance_profile.ai_profile will be destroyed
  - resource "aws_iam_instance_profile" "ai_profile" {
      - arn         = "arn:aws:iam::345340320264:instance-profile/ai-inference-profile-6f23ea57" -> null
      - create_date = "2026-06-18T05:14:05Z" -> null
      - id          = "ai-inference-profile-6f23ea57" -> null
      - name        = "ai-inference-profile-6f23ea57" -> null
      - path        = "/" -> null
      - role        = "ai-inference-role-6f23ea57" -> null
      - tags        = {} -> null
      - tags_all    = {} -> null
      - unique_id   = "AIPAVAZ7DDIEAPBZBC7BG" -> null
        # (1 unchanged attribute hidden)
    }

  # aws_iam_role.ai_role will be destroyed
  - resource "aws_iam_role" "ai_role" {
      - arn                   = "arn:aws:iam::345340320264:role/ai-inference-role-6f23ea57" -> null
      - assume_role_policy    = jsonencode(
            {
              - Statement = [
                  - {
                      - Action    = "sts:AssumeRole"
                      - Effect    = "Allow"
                      - Principal = {
                          - Service = "ec2.amazonaws.com"
                        }
                    },
                ]
              - Version   = "2012-10-17"
            }
        ) -> null
      - create_date           = "2026-06-18T05:14:03Z" -> null
      - force_detach_policies = false -> null
      - id                    = "ai-inference-role-6f23ea57" -> null
      - managed_policy_arns   = [] -> null
      - max_session_duration  = 3600 -> null
      - name                  = "ai-inference-role-6f23ea57" -> null
      - path                  = "/" -> null
      - tags                  = {} -> null
      - tags_all              = {} -> null
      - unique_id             = "AROAVAZ7DDIEPRFWXEWVW" -> null
        # (3 unchanged attributes hidden)
    }

  # aws_instance.bastion will be destroyed
  - resource "aws_instance" "bastion" {
      - ami                                  = "ami-0d7405d05f836d0d4" -> null
      - arn                                  = "arn:aws:ec2:us-east-1:345340320264:instance/i-0ca51f10255049e19" -> null
      - associate_public_ip_address          = true -> null
      - availability_zone                    = "us-east-1a" -> null
      - cpu_core_count                       = 1 -> null
      - cpu_threads_per_core                 = 2 -> null
      - disable_api_stop                     = false -> null
      - disable_api_termination              = false -> null
      - ebs_optimized                        = false -> null
      - get_password_data                    = false -> null
      - hibernation                          = false -> null
      - id                                   = "i-0ca51f10255049e19" -> null
      - instance_initiated_shutdown_behavior = "stop" -> null
      - instance_state                       = "running" -> null
      - instance_type                        = "t3.micro" -> null
      - ipv6_address_count                   = 0 -> null
      - ipv6_addresses                       = [] -> null
      - key_name                             = "ai-lab-key-6f23ea57" -> null
      - monitoring                           = false -> null
      - placement_partition_number           = 0 -> null
      - primary_network_interface_id         = "eni-05bc4ad4927b6dec3" -> null
      - private_dns                          = "ip-10-0-0-197.ec2.internal" -> null
      - private_ip                           = "10.0.0.197" -> null
      - public_dns                           = "ec2-32-192-41-133.compute-1.amazonaws.com" -> null
      - public_ip                            = "32.192.41.133" -> null
      - secondary_private_ips                = [] -> null
      - security_groups                      = [] -> null
      - source_dest_check                    = true -> null
      - subnet_id                            = "subnet-084bbde7a38273a5f" -> null
      - tags                                 = {
          - "Name" = "AI-Bastion-Host"
        } -> null
      - tags_all                             = {
          - "Name" = "AI-Bastion-Host"
        } -> null
      - tenancy                              = "default" -> null
      - user_data_replace_on_change          = false -> null
      - vpc_security_group_ids               = [
          - "sg-01fbc082122c6097a",
        ] -> null
        # (7 unchanged attributes hidden)

      - capacity_reservation_specification {
          - capacity_reservation_preference = "open" -> null
        }

      - cpu_options {
          - core_count       = 1 -> null
          - threads_per_core = 2 -> null
            # (1 unchanged attribute hidden)
        }

      - credit_specification {
          - cpu_credits = "unlimited" -> null
        }

      - enclave_options {
          - enabled = false -> null
        }

      - maintenance_options {
          - auto_recovery = "default" -> null
        }

      - metadata_options {
          - http_endpoint               = "enabled" -> null
          - http_protocol_ipv6          = "disabled" -> null
          - http_put_response_hop_limit = 1 -> null
          - http_tokens                 = "optional" -> null
          - instance_metadata_tags      = "disabled" -> null
        }

      - private_dns_name_options {
          - enable_resource_name_dns_a_record    = false -> null
          - enable_resource_name_dns_aaaa_record = false -> null
          - hostname_type                        = "ip-name" -> null
        }

      - root_block_device {
          - delete_on_termination = true -> null
          - device_name           = "/dev/sda1" -> null
          - encrypted             = false -> null
          - iops                  = 100 -> null
          - tags                  = {} -> null
          - tags_all              = {} -> null
          - throughput            = 0 -> null
          - volume_id             = "vol-0a5505d24c2ddb51f" -> null
          - volume_size           = 8 -> null
          - volume_type           = "gp2" -> null
            # (1 unchanged attribute hidden)
        }
    }

  # aws_instance.gpu_node will be destroyed
  - resource "aws_instance" "gpu_node" {
      - ami                                  = "ami-03d84abcde942cf8c" -> null
      - arn                                  = "arn:aws:ec2:us-east-1:345340320264:instance/i-0c74726419aadf205" -> null
      - associate_public_ip_address          = false -> null
      - availability_zone                    = "us-east-1a" -> null
      - cpu_core_count                       = 2 -> null
      - cpu_threads_per_core                 = 2 -> null
      - disable_api_stop                     = false -> null
      - disable_api_termination              = false -> null
      - ebs_optimized                        = false -> null
      - get_password_data                    = false -> null
      - hibernation                          = false -> null
      - iam_instance_profile                 = "ai-inference-profile-6f23ea57" -> null
      - id                                   = "i-0c74726419aadf205" -> null
      - instance_initiated_shutdown_behavior = "stop" -> null
      - instance_state                       = "running" -> null
      - instance_type                        = "r5.xlarge" -> null
      - ipv6_address_count                   = 0 -> null
      - ipv6_addresses                       = [] -> null
      - key_name                             = "ai-lab-key-6f23ea57" -> null
      - monitoring                           = false -> null
      - placement_partition_number           = 0 -> null
      - primary_network_interface_id         = "eni-0beaa3f1144d91bff" -> null
      - private_dns                          = "ip-10-0-10-159.ec2.internal" -> null
      - private_ip                           = "10.0.10.159" -> null
      - secondary_private_ips                = [] -> null
      - security_groups                      = [] -> null
      - source_dest_check                    = true -> null
      - subnet_id                            = "subnet-0339e58115ede53d2" -> null
      - tags                                 = {
          - "Name" = "AI-Inference-Node"
        } -> null
      - tags_all                             = {
          - "Name" = "AI-Inference-Node"
        } -> null
      - tenancy                              = "default" -> null
      - user_data                            = "5cb99d8197ff3b63075a0f6bc2d51cf7ef6a674b" -> null
      - user_data_replace_on_change          = false -> null
      - vpc_security_group_ids               = [
          - "sg-02816c94bf35faa8c",
        ] -> null
        # (8 unchanged attributes hidden)

      - capacity_reservation_specification {
          - capacity_reservation_preference = "open" -> null
        }

      - cpu_options {
          - core_count       = 2 -> null
          - threads_per_core = 2 -> null
            # (1 unchanged attribute hidden)
        }

      - enclave_options {
          - enabled = false -> null
        }

      - maintenance_options {
          - auto_recovery = "default" -> null
        }

      - metadata_options {
          - http_endpoint               = "enabled" -> null
          - http_protocol_ipv6          = "disabled" -> null
          - http_put_response_hop_limit = 2 -> null
          - http_tokens                 = "required" -> null
          - instance_metadata_tags      = "disabled" -> null
        }

      - private_dns_name_options {
          - enable_resource_name_dns_a_record    = false -> null
          - enable_resource_name_dns_aaaa_record = false -> null
          - hostname_type                        = "ip-name" -> null
        }

      - root_block_device {
          - delete_on_termination = true -> null
          - device_name           = "/dev/xvda" -> null
          - encrypted             = false -> null
          - iops                  = 3000 -> null
          - tags                  = {} -> null
          - tags_all              = {} -> null
          - throughput            = 125 -> null
          - volume_id             = "vol-07627327d5e52aa60" -> null
          - volume_size           = 100 -> null
          - volume_type           = "gp3" -> null
            # (1 unchanged attribute hidden)
        }
    }

  # aws_internet_gateway.igw will be destroyed
  - resource "aws_internet_gateway" "igw" {
      - arn      = "arn:aws:ec2:us-east-1:345340320264:internet-gateway/igw-0b6dcc8d9d0ca72d1" -> null
      - id       = "igw-0b6dcc8d9d0ca72d1" -> null
      - owner_id = "345340320264" -> null
      - tags     = {
          - "Name" = "AI-IGW"
        } -> null
      - tags_all = {
          - "Name" = "AI-IGW"
        } -> null
      - vpc_id   = "vpc-0b0a8cd77c5a2e3b4" -> null
    }

  # aws_key_pair.lab_key will be destroyed
  - resource "aws_key_pair" "lab_key" {
      - arn             = "arn:aws:ec2:us-east-1:345340320264:key-pair/ai-lab-key-6f23ea57" -> null
      - fingerprint     = "59:ae:92:19:0d:f4:8b:93:50:da:fb:f9:e1:75:bf:90" -> null
      - id              = "ai-lab-key-6f23ea57" -> null
      - key_name        = "ai-lab-key-6f23ea57" -> null
      - key_pair_id     = "key-0cadd0b90039b2580" -> null
      - key_type        = "rsa" -> null
      - public_key      = "ssh-rsa AAAAB3NzaC1yc2EAAAADAQABAAACAQCLcPmMSK8MXRqYf+EniLmHAd0LdO/VLAcdNO8v12RQ24Uyx3wm3HEHMgO9vNYKtWeTbWcORdxS5NK2N4ScMmdXVUo/9LxWa/cbvYZa5kDLZy7cqT5IBNMYOX3oLQTcqQkthGX9MSV8sS92HVc1xuTLSowajw2UvHdu4PDMIQ98oeRR8JNXF1XILMCkAxzxLp1W2q+XZ+X702az9ULEMPIXRL0n7AQltlGfugR7uj9HCxgg5lY2s04h0tjFcHf/Z+W87xvfWyWqvNK05RpQaTBYRLEd00BHGNWW+qT/jIXFumfIf1dx2XjI/tZ+w10f2XLDCfuVPIq2XY3X1nXYo9j3ym/oY7h162M0SOBGTzKb1yJEmuImZxeZ1b9salBYCzeRjHl/jit7uSHCKMjvOLmlxPF1TM7d2F3eAjSu17kCXGP/7ID7Xcium0XDo9BeD8at2JPdgE55u8Py1ettiYy/SsTx4ciTM0OXeZhR5lc+iJI/XgSKsnRSv2OuUoLRISwntMmZ7hvHxBG76UIMYbJN3p7G3KBBnbJOjR0Obt9fonRe7mpqse7afkThTxFO8oV57sS2FEDXRFf8mHsTFcSI5/VbElVHEDrKJN9eeyLYOvAjpvmlL1QNTNBCOuMDVn1Zda/tafp/AfB4E+F2iQ9ZAe+gKOUhXvWk5Zjri84pZw== ai-lab-key" -> null
      - tags            = {} -> null
      - tags_all        = {} -> null
        # (1 unchanged attribute hidden)
    }

  # aws_lb.ai_alb will be destroyed
  - resource "aws_lb" "ai_alb" {
      - arn                                                          = "arn:aws:elasticloadbalancing:us-east-1:345340320264:loadbalancer/app/ai-inference-alb-6f23ea57/e0bb7552613efc60" -> null
      - arn_suffix                                                   = "app/ai-inference-alb-6f23ea57/e0bb7552613efc60" -> null
      - client_keep_alive                                            = 3600 -> null
      - desync_mitigation_mode                                       = "defensive" -> null
      - dns_name                                                     = "ai-inference-alb-6f23ea57-1482366971.us-east-1.elb.amazonaws.com" -> null
      - drop_invalid_header_fields                                   = false -> null
      - enable_cross_zone_load_balancing                             = true -> null
      - enable_deletion_protection                                   = false -> null
      - enable_http2                                                 = true -> null
      - enable_tls_version_and_cipher_suite_headers                  = false -> null
      - enable_waf_fail_open                                         = false -> null
      - enable_xff_client_port                                       = false -> null
      - enable_zonal_shift                                           = false -> null
      - id                                                           = "arn:aws:elasticloadbalancing:us-east-1:345340320264:loadbalancer/app/ai-inference-alb-6f23ea57/e0bb7552613efc60" -> null
      - idle_timeout                                                 = 60 -> null
      - internal                                                     = false -> null
      - ip_address_type                                              = "ipv4" -> null
      - load_balancer_type                                           = "application" -> null
      - name                                                         = "ai-inference-alb-6f23ea57" -> null
      - preserve_host_header                                         = false -> null
      - security_groups                                              = [
          - "sg-03b86bb2863e9d840",
        ] -> null
      - subnets                                                      = [
          - "subnet-0846310a83b4296ba",
          - "subnet-084bbde7a38273a5f",
        ] -> null
      - tags                                                         = {} -> null
      - tags_all                                                     = {} -> null
      - vpc_id                                                       = "vpc-0b0a8cd77c5a2e3b4" -> null
      - xff_header_processing_mode                                   = "append" -> null
      - zone_id                                                      = "Z35SXDOTRQ7X7K" -> null
        # (3 unchanged attributes hidden)

      - access_logs {
          - enabled = false -> null
            # (2 unchanged attributes hidden)
        }

      - connection_logs {
          - enabled = false -> null
            # (2 unchanged attributes hidden)
        }

      - subnet_mapping {
          - subnet_id            = "subnet-0846310a83b4296ba" -> null
            # (4 unchanged attributes hidden)
        }
      - subnet_mapping {
          - subnet_id            = "subnet-084bbde7a38273a5f" -> null
            # (4 unchanged attributes hidden)
        }
    }

  # aws_lb_listener.ai_listener will be destroyed
  - resource "aws_lb_listener" "ai_listener" {
      - arn                                                                 = "arn:aws:elasticloadbalancing:us-east-1:345340320264:listener/app/ai-inference-alb-6f23ea57/e0bb7552613efc60/4eae68b3ae0a6fab" -> null
      - id                                                                  = "arn:aws:elasticloadbalancing:us-east-1:345340320264:listener/app/ai-inference-alb-6f23ea57/e0bb7552613efc60/4eae68b3ae0a6fab" -> null
      - load_balancer_arn                                                   = "arn:aws:elasticloadbalancing:us-east-1:345340320264:loadbalancer/app/ai-inference-alb-6f23ea57/e0bb7552613efc60" -> null
      - port                                                                = 80 -> null
      - protocol                                                            = "HTTP" -> null
      - routing_http_response_server_enabled                                = true -> null
      - tags                                                                = {} -> null
      - tags_all                                                            = {} -> null
        # (11 unchanged attributes hidden)

      - default_action {
          - order            = 1 -> null
          - target_group_arn = "arn:aws:elasticloadbalancing:us-east-1:345340320264:targetgroup/ai-inference-tg-6f23ea57/7bd0c116607748c4" -> null
          - type             = "forward" -> null
        }
    }

  # aws_lb_target_group.ai_tg will be destroyed
  - resource "aws_lb_target_group" "ai_tg" {
      - arn                                = "arn:aws:elasticloadbalancing:us-east-1:345340320264:targetgroup/ai-inference-tg-6f23ea57/7bd0c116607748c4" -> null
      - arn_suffix                         = "targetgroup/ai-inference-tg-6f23ea57/7bd0c116607748c4" -> null
      - deregistration_delay               = "300" -> null
      - id                                 = "arn:aws:elasticloadbalancing:us-east-1:345340320264:targetgroup/ai-inference-tg-6f23ea57/7bd0c116607748c4" -> null
      - ip_address_type                    = "ipv4" -> null
      - lambda_multi_value_headers_enabled = false -> null
      - load_balancer_arns                 = [
          - "arn:aws:elasticloadbalancing:us-east-1:345340320264:loadbalancer/app/ai-inference-alb-6f23ea57/e0bb7552613efc60",
        ] -> null
      - load_balancing_algorithm_type      = "round_robin" -> null
      - load_balancing_anomaly_mitigation  = "off" -> null
      - load_balancing_cross_zone_enabled  = "use_load_balancer_configuration" -> null
      - name                               = "ai-inference-tg-6f23ea57" -> null
      - port                               = 8000 -> null
      - protocol                           = "HTTP" -> null
      - protocol_version                   = "HTTP1" -> null
      - proxy_protocol_v2                  = false -> null
      - slow_start                         = 0 -> null
      - tags                               = {} -> null
      - tags_all                           = {} -> null
      - target_type                        = "instance" -> null
      - vpc_id                             = "vpc-0b0a8cd77c5a2e3b4" -> null
        # (1 unchanged attribute hidden)

      - health_check {
          - enabled             = true -> null
          - healthy_threshold   = 2 -> null
          - interval            = 30 -> null
          - matcher             = "200" -> null
          - path                = "/health" -> null
          - port                = "traffic-port" -> null
          - protocol            = "HTTP" -> null
          - timeout             = 5 -> null
          - unhealthy_threshold = 2 -> null
        }

      - stickiness {
          - cookie_duration = 86400 -> null
          - enabled         = false -> null
          - type            = "lb_cookie" -> null
            # (1 unchanged attribute hidden)
        }

      - target_failover {}

      - target_group_health {
          - dns_failover {
              - minimum_healthy_targets_count      = "1" -> null
              - minimum_healthy_targets_percentage = "off" -> null
            }
          - unhealthy_state_routing {
              - minimum_healthy_targets_count      = 1 -> null
              - minimum_healthy_targets_percentage = "off" -> null
            }
        }

      - target_health_state {}
    }

  # aws_lb_target_group_attachment.ai_tg_attach will be destroyed
  - resource "aws_lb_target_group_attachment" "ai_tg_attach" {
      - id               = "arn:aws:elasticloadbalancing:us-east-1:345340320264:targetgroup/ai-inference-tg-6f23ea57/7bd0c116607748c4-20260618051445341100000005" -> null
      - port             = 8000 -> null
      - target_group_arn = "arn:aws:elasticloadbalancing:us-east-1:345340320264:targetgroup/ai-inference-tg-6f23ea57/7bd0c116607748c4" -> null
      - target_id        = "i-0c74726419aadf205" -> null
    }

  # aws_nat_gateway.nat will be destroyed
  - resource "aws_nat_gateway" "nat" {
      - allocation_id                      = "eipalloc-0208ef44b931102f6" -> null
      - association_id                     = "eipassoc-030360e34ca79d42e" -> null
      - connectivity_type                  = "public" -> null
      - id                                 = "nat-0be097865857d3a7f" -> null
      - network_interface_id               = "eni-08927803d6a6f6b81" -> null
      - private_ip                         = "10.0.0.106" -> null
      - public_ip                          = "34.226.32.117" -> null
      - secondary_allocation_ids           = [] -> null
      - secondary_private_ip_address_count = 0 -> null
      - secondary_private_ip_addresses     = [] -> null
      - subnet_id                          = "subnet-084bbde7a38273a5f" -> null
      - tags                               = {
          - "Name" = "AI-NAT"
        } -> null
      - tags_all                           = {
          - "Name" = "AI-NAT"
        } -> null
    }

  # aws_route_table.private_rt will be destroyed
  - resource "aws_route_table" "private_rt" {
      - arn              = "arn:aws:ec2:us-east-1:345340320264:route-table/rtb-038869c6a47e9ffaf" -> null
      - id               = "rtb-038869c6a47e9ffaf" -> null
      - owner_id         = "345340320264" -> null
      - propagating_vgws = [] -> null
      - route            = [
          - {
              - cidr_block                 = "0.0.0.0/0"
              - nat_gateway_id             = "nat-0be097865857d3a7f"
                # (11 unchanged attributes hidden)
            },
        ] -> null
      - tags             = {} -> null
      - tags_all         = {} -> null
      - vpc_id           = "vpc-0b0a8cd77c5a2e3b4" -> null
    }

  # aws_route_table.public_rt will be destroyed
  - resource "aws_route_table" "public_rt" {
      - arn              = "arn:aws:ec2:us-east-1:345340320264:route-table/rtb-0d96f7f1fd99d1389" -> null
      - id               = "rtb-0d96f7f1fd99d1389" -> null
      - owner_id         = "345340320264" -> null
      - propagating_vgws = [] -> null
      - route            = [
          - {
              - cidr_block                 = "0.0.0.0/0"
              - gateway_id                 = "igw-0b6dcc8d9d0ca72d1"
                # (11 unchanged attributes hidden)
            },
        ] -> null
      - tags             = {} -> null
      - tags_all         = {} -> null
      - vpc_id           = "vpc-0b0a8cd77c5a2e3b4" -> null
    }

  # aws_route_table_association.private_assoc[0] will be destroyed
  - resource "aws_route_table_association" "private_assoc" {
      - id             = "rtbassoc-0e92bb8e5cf82cca9" -> null
      - route_table_id = "rtb-038869c6a47e9ffaf" -> null
      - subnet_id      = "subnet-0339e58115ede53d2" -> null
        # (1 unchanged attribute hidden)
    }

  # aws_route_table_association.private_assoc[1] will be destroyed
  - resource "aws_route_table_association" "private_assoc" {
      - id             = "rtbassoc-094e875e770b45c2f" -> null
      - route_table_id = "rtb-038869c6a47e9ffaf" -> null
      - subnet_id      = "subnet-070807c62ad405ab0" -> null
        # (1 unchanged attribute hidden)
    }

  # aws_route_table_association.public_assoc[0] will be destroyed
  - resource "aws_route_table_association" "public_assoc" {
      - id             = "rtbassoc-01a85cdf6378c0cf4" -> null
      - route_table_id = "rtb-0d96f7f1fd99d1389" -> null
      - subnet_id      = "subnet-084bbde7a38273a5f" -> null
        # (1 unchanged attribute hidden)
    }

  # aws_route_table_association.public_assoc[1] will be destroyed
  - resource "aws_route_table_association" "public_assoc" {
      - id             = "rtbassoc-0d9e04c056ad218af" -> null
      - route_table_id = "rtb-0d96f7f1fd99d1389" -> null
      - subnet_id      = "subnet-0846310a83b4296ba" -> null
        # (1 unchanged attribute hidden)
    }

  # aws_security_group.alb_sg will be destroyed
  - resource "aws_security_group" "alb_sg" {
      - arn                    = "arn:aws:ec2:us-east-1:345340320264:security-group/sg-03b86bb2863e9d840" -> null
      - description            = "Allow HTTP inbound to ALB" -> null
      - egress                 = [
          - {
              - cidr_blocks      = [
                  - "0.0.0.0/0",
                ]
              - from_port        = 0
              - ipv6_cidr_blocks = []
              - prefix_list_ids  = []
              - protocol         = "-1"
              - security_groups  = []
              - self             = false
              - to_port          = 0
                # (1 unchanged attribute hidden)
            },
        ] -> null
      - id                     = "sg-03b86bb2863e9d840" -> null
      - ingress                = [
          - {
              - cidr_blocks      = [
                  - "0.0.0.0/0",
                ]
              - from_port        = 80
              - ipv6_cidr_blocks = []
              - prefix_list_ids  = []
              - protocol         = "tcp"
              - security_groups  = []
              - self             = false
              - to_port          = 80
                # (1 unchanged attribute hidden)
            },
        ] -> null
      - name                   = "ai-alb-sg" -> null
      - owner_id               = "345340320264" -> null
      - revoke_rules_on_delete = false -> null
      - tags                   = {} -> null
      - tags_all               = {} -> null
      - vpc_id                 = "vpc-0b0a8cd77c5a2e3b4" -> null
        # (1 unchanged attribute hidden)
    }

  # aws_security_group.bastion_sg will be destroyed
  - resource "aws_security_group" "bastion_sg" {
      - arn                    = "arn:aws:ec2:us-east-1:345340320264:security-group/sg-01fbc082122c6097a" -> null
      - description            = "Allow SSH inbound to Bastion" -> null
      - egress                 = [
          - {
              - cidr_blocks      = [
                  - "0.0.0.0/0",
                ]
              - from_port        = 0
              - ipv6_cidr_blocks = []
              - prefix_list_ids  = []
              - protocol         = "-1"
              - security_groups  = []
              - self             = false
              - to_port          = 0
                # (1 unchanged attribute hidden)
            },
        ] -> null
      - id                     = "sg-01fbc082122c6097a" -> null
      - ingress                = [
          - {
              - cidr_blocks      = [
                  - "0.0.0.0/0",
                ]
              - from_port        = 22
              - ipv6_cidr_blocks = []
              - prefix_list_ids  = []
              - protocol         = "tcp"
              - security_groups  = []
              - self             = false
              - to_port          = 22
                # (1 unchanged attribute hidden)
            },
        ] -> null
      - name                   = "ai-bastion-sg" -> null
      - owner_id               = "345340320264" -> null
      - revoke_rules_on_delete = false -> null
      - tags                   = {} -> null
      - tags_all               = {} -> null
      - vpc_id                 = "vpc-0b0a8cd77c5a2e3b4" -> null
        # (1 unchanged attribute hidden)
    }

  # aws_security_group.gpu_sg will be destroyed
  - resource "aws_security_group" "gpu_sg" {
      - arn                    = "arn:aws:ec2:us-east-1:345340320264:security-group/sg-02816c94bf35faa8c" -> null
      - description            = "Allow SSH from Bastion and HTTP from ALB" -> null
      - egress                 = [
          - {
              - cidr_blocks      = [
                  - "0.0.0.0/0",
                ]
              - from_port        = 0
              - ipv6_cidr_blocks = []
              - prefix_list_ids  = []
              - protocol         = "-1"
              - security_groups  = []
              - self             = false
              - to_port          = 0
                # (1 unchanged attribute hidden)
            },
        ] -> null
      - id                     = "sg-02816c94bf35faa8c" -> null
      - ingress                = [
          - {
              - cidr_blocks      = []
              - from_port        = 22
              - ipv6_cidr_blocks = []
              - prefix_list_ids  = []
              - protocol         = "tcp"
              - security_groups  = [
                  - "sg-01fbc082122c6097a",
                ]
              - self             = false
              - to_port          = 22
                # (1 unchanged attribute hidden)
            },
          - {
              - cidr_blocks      = []
              - from_port        = 8000
              - ipv6_cidr_blocks = []
              - prefix_list_ids  = []
              - protocol         = "tcp"
              - security_groups  = [
                  - "sg-03b86bb2863e9d840",
                ]
              - self             = false
              - to_port          = 8000
                # (1 unchanged attribute hidden)
            },
        ] -> null
      - name                   = "ai-gpu-node-sg" -> null
      - owner_id               = "345340320264" -> null
      - revoke_rules_on_delete = false -> null
      - tags                   = {} -> null
      - tags_all               = {} -> null
      - vpc_id                 = "vpc-0b0a8cd77c5a2e3b4" -> null
        # (1 unchanged attribute hidden)
    }

  # aws_subnet.private[0] will be destroyed
  - resource "aws_subnet" "private" {
      - arn                                            = "arn:aws:ec2:us-east-1:345340320264:subnet/subnet-0339e58115ede53d2" -> null
      - assign_ipv6_address_on_creation                = false -> null
      - availability_zone                              = "us-east-1a" -> null
      - availability_zone_id                           = "use1-az1" -> null
      - cidr_block                                     = "10.0.10.0/24" -> null
      - enable_dns64                                   = false -> null
      - enable_lni_at_device_index                     = 0 -> null
      - enable_resource_name_dns_a_record_on_launch    = false -> null
      - enable_resource_name_dns_aaaa_record_on_launch = false -> null
      - id                                             = "subnet-0339e58115ede53d2" -> null
      - ipv6_native                                    = false -> null
      - map_customer_owned_ip_on_launch                = false -> null
      - map_public_ip_on_launch                        = false -> null
      - owner_id                                       = "345340320264" -> null
      - private_dns_hostname_type_on_launch            = "ip-name" -> null
      - tags                                           = {
          - "Name" = "Private-Subnet-0"
        } -> null
      - tags_all                                       = {
          - "Name" = "Private-Subnet-0"
        } -> null
      - vpc_id                                         = "vpc-0b0a8cd77c5a2e3b4" -> null
        # (4 unchanged attributes hidden)
    }

  # aws_subnet.private[1] will be destroyed
  - resource "aws_subnet" "private" {
      - arn                                            = "arn:aws:ec2:us-east-1:345340320264:subnet/subnet-070807c62ad405ab0" -> null
      - assign_ipv6_address_on_creation                = false -> null
      - availability_zone                              = "us-east-1b" -> null
      - availability_zone_id                           = "use1-az2" -> null
      - cidr_block                                     = "10.0.11.0/24" -> null
      - enable_dns64                                   = false -> null
      - enable_lni_at_device_index                     = 0 -> null
      - enable_resource_name_dns_a_record_on_launch    = false -> null
      - enable_resource_name_dns_aaaa_record_on_launch = false -> null
      - id                                             = "subnet-070807c62ad405ab0" -> null
      - ipv6_native                                    = false -> null
      - map_customer_owned_ip_on_launch                = false -> null
      - map_public_ip_on_launch                        = false -> null
      - owner_id                                       = "345340320264" -> null
      - private_dns_hostname_type_on_launch            = "ip-name" -> null
      - tags                                           = {
          - "Name" = "Private-Subnet-1"
        } -> null
      - tags_all                                       = {
          - "Name" = "Private-Subnet-1"
        } -> null
      - vpc_id                                         = "vpc-0b0a8cd77c5a2e3b4" -> null
        # (4 unchanged attributes hidden)
    }

  # aws_subnet.public[0] will be destroyed
  - resource "aws_subnet" "public" {
      - arn                                            = "arn:aws:ec2:us-east-1:345340320264:subnet/subnet-084bbde7a38273a5f" -> null
      - assign_ipv6_address_on_creation                = false -> null
      - availability_zone                              = "us-east-1a" -> null
      - availability_zone_id                           = "use1-az1" -> null
      - cidr_block                                     = "10.0.0.0/24" -> null
      - enable_dns64                                   = false -> null
      - enable_lni_at_device_index                     = 0 -> null
      - enable_resource_name_dns_a_record_on_launch    = false -> null
      - enable_resource_name_dns_aaaa_record_on_launch = false -> null
      - id                                             = "subnet-084bbde7a38273a5f" -> null
      - ipv6_native                                    = false -> null
      - map_customer_owned_ip_on_launch                = false -> null
      - map_public_ip_on_launch                        = true -> null
      - owner_id                                       = "345340320264" -> null
      - private_dns_hostname_type_on_launch            = "ip-name" -> null
      - tags                                           = {
          - "Name" = "Public-Subnet-0"
        } -> null
      - tags_all                                       = {
          - "Name" = "Public-Subnet-0"
        } -> null
      - vpc_id                                         = "vpc-0b0a8cd77c5a2e3b4" -> null
        # (4 unchanged attributes hidden)
    }

  # aws_subnet.public[1] will be destroyed
  - resource "aws_subnet" "public" {
      - arn                                            = "arn:aws:ec2:us-east-1:345340320264:subnet/subnet-0846310a83b4296ba" -> null
      - assign_ipv6_address_on_creation                = false -> null
      - availability_zone                              = "us-east-1b" -> null
      - availability_zone_id                           = "use1-az2" -> null
      - cidr_block                                     = "10.0.1.0/24" -> null
      - enable_dns64                                   = false -> null
      - enable_lni_at_device_index                     = 0 -> null
      - enable_resource_name_dns_a_record_on_launch    = false -> null
      - enable_resource_name_dns_aaaa_record_on_launch = false -> null
      - id                                             = "subnet-0846310a83b4296ba" -> null
      - ipv6_native                                    = false -> null
      - map_customer_owned_ip_on_launch                = false -> null
      - map_public_ip_on_launch                        = true -> null
      - owner_id                                       = "345340320264" -> null
      - private_dns_hostname_type_on_launch            = "ip-name" -> null
      - tags                                           = {
          - "Name" = "Public-Subnet-1"
        } -> null
      - tags_all                                       = {
          - "Name" = "Public-Subnet-1"
        } -> null
      - vpc_id                                         = "vpc-0b0a8cd77c5a2e3b4" -> null
        # (4 unchanged attributes hidden)
    }

  # aws_vpc.ai_vpc will be destroyed
  - resource "aws_vpc" "ai_vpc" {
      - arn                                  = "arn:aws:ec2:us-east-1:345340320264:vpc/vpc-0b0a8cd77c5a2e3b4" -> null
      - assign_generated_ipv6_cidr_block     = false -> null
      - cidr_block                           = "10.0.0.0/16" -> null
      - default_network_acl_id               = "acl-0203831766e0e9ed4" -> null
      - default_route_table_id               = "rtb-0ccc4af6aa15f227f" -> null
      - default_security_group_id            = "sg-01f7883d3cbd80f79" -> null
      - dhcp_options_id                      = "dopt-06f03587da31c7677" -> null
      - enable_dns_hostnames                 = true -> null
      - enable_dns_support                   = true -> null
      - enable_network_address_usage_metrics = false -> null
      - id                                   = "vpc-0b0a8cd77c5a2e3b4" -> null
      - instance_tenancy                     = "default" -> null
      - ipv6_netmask_length                  = 0 -> null
      - main_route_table_id                  = "rtb-0ccc4af6aa15f227f" -> null
      - owner_id                             = "345340320264" -> null
      - tags                                 = {
          - "Name" = "AI-VPC"
        } -> null
      - tags_all                             = {
          - "Name" = "AI-VPC"
        } -> null
        # (4 unchanged attributes hidden)
    }

  # random_id.id will be destroyed
  - resource "random_id" "id" {
      - b64_std     = "byPqVw==" -> null
      - b64_url     = "byPqVw" -> null
      - byte_length = 4 -> null
      - dec         = "1864624727" -> null
      - hex         = "6f23ea57" -> null
      - id          = "byPqVw" -> null
    }

Plan: 0 to add, 0 to change, 27 to destroy.

Changes to Outputs:
  - alb_dns_name      = "ai-inference-alb-6f23ea57-1482366971.us-east-1.elb.amazonaws.com" -> null
  - bastion_public_ip = "32.192.41.133" -> null
  - endpoint_url      = "http://ai-inference-alb-6f23ea57-1482366971.us-east-1.elb.amazonaws.com/v1/completions" -> null
  - gpu_private_ip    = "10.0.10.159" -> null
aws_route_table_association.private_assoc[0]: Destroying... [id=rtbassoc-0e92bb8e5cf82cca9]
aws_route_table_association.public_assoc[0]: Destroying... [id=rtbassoc-01a85cdf6378c0cf4]
aws_lb_target_group_attachment.ai_tg_attach: Destroying... [id=arn:aws:elasticloadbalancing:us-east-1:345340320264:targetgroup/ai-inference-tg-6f23ea57/7bd0c116607748c4-20260618051445341100000005]
aws_route_table_association.private_assoc[1]: Destroying... [id=rtbassoc-094e875e770b45c2f]
aws_route_table_association.public_assoc[1]: Destroying... [id=rtbassoc-0d9e04c056ad218af]
aws_lb_listener.ai_listener: Destroying... [id=arn:aws:elasticloadbalancing:us-east-1:345340320264:listener/app/ai-inference-alb-6f23ea57/e0bb7552613efc60/4eae68b3ae0a6fab]
aws_instance.bastion: Destroying... [id=i-0ca51f10255049e19]
aws_lb_target_group_attachment.ai_tg_attach: Destruction complete after 1s
aws_instance.gpu_node: Destroying... [id=i-0c74726419aadf205]
aws_lb_listener.ai_listener: Destruction complete after 1s
aws_lb_target_group.ai_tg: Destroying... [id=arn:aws:elasticloadbalancing:us-east-1:345340320264:targetgroup/ai-inference-tg-6f23ea57/7bd0c116607748c4]
aws_lb.ai_alb: Destroying... [id=arn:aws:elasticloadbalancing:us-east-1:345340320264:loadbalancer/app/ai-inference-alb-6f23ea57/e0bb7552613efc60]
aws_lb_target_group.ai_tg: Destruction complete after 0s
aws_route_table_association.public_assoc[1]: Destruction complete after 2s
aws_route_table_association.public_assoc[0]: Destruction complete after 2s
aws_route_table.public_rt: Destroying... [id=rtb-0d96f7f1fd99d1389]
aws_route_table_association.private_assoc[0]: Destruction complete after 2s
aws_route_table_association.private_assoc[1]: Destruction complete after 2s
aws_route_table.private_rt: Destroying... [id=rtb-038869c6a47e9ffaf]
aws_route_table.public_rt: Destruction complete after 2s
aws_route_table.private_rt: Destruction complete after 2s
aws_nat_gateway.nat: Destroying... [id=nat-0be097865857d3a7f]
aws_instance.bastion: Still destroying... [id=i-0ca51f10255049e19, 00m10s elapsed]
aws_instance.gpu_node: Still destroying... [id=i-0c74726419aadf205, 00m10s elapsed]
aws_lb.ai_alb: Still destroying... [id=arn:aws:elasticloadbalancing:us-east-1:...nference-alb-6f23ea57/e0bb7552613efc60, 00m10s elapsed]
aws_nat_gateway.nat: Still destroying... [id=nat-0be097865857d3a7f, 00m10s elapsed]
aws_instance.bastion: Still destroying... [id=i-0ca51f10255049e19, 00m20s elapsed]
aws_instance.gpu_node: Still destroying... [id=i-0c74726419aadf205, 00m20s elapsed]
aws_lb.ai_alb: Still destroying... [id=arn:aws:elasticloadbalancing:us-east-1:...nference-alb-6f23ea57/e0bb7552613efc60, 00m20s elapsed]
aws_instance.bastion: Destruction complete after 22s
aws_nat_gateway.nat: Still destroying... [id=nat-0be097865857d3a7f, 00m20s elapsed]
aws_lb.ai_alb: Destruction complete after 29s
aws_instance.gpu_node: Still destroying... [id=i-0c74726419aadf205, 00m30s elapsed]
aws_nat_gateway.nat: Still destroying... [id=nat-0be097865857d3a7f, 00m30s elapsed]
aws_instance.gpu_node: Still destroying... [id=i-0c74726419aadf205, 00m40s elapsed]
aws_instance.gpu_node: Destruction complete after 42s
aws_iam_instance_profile.ai_profile: Destroying... [id=ai-inference-profile-6f23ea57]
aws_key_pair.lab_key: Destroying... [id=ai-lab-key-6f23ea57]
aws_subnet.private[1]: Destroying... [id=subnet-070807c62ad405ab0]
aws_subnet.private[0]: Destroying... [id=subnet-0339e58115ede53d2]
aws_security_group.gpu_sg: Destroying... [id=sg-02816c94bf35faa8c]
aws_nat_gateway.nat: Still destroying... [id=nat-0be097865857d3a7f, 00m40s elapsed]
aws_key_pair.lab_key: Destruction complete after 1s
aws_subnet.private[1]: Destruction complete after 1s
aws_subnet.private[0]: Destruction complete after 1s
aws_iam_instance_profile.ai_profile: Destruction complete after 2s
aws_iam_role.ai_role: Destroying... [id=ai-inference-role-6f23ea57]
aws_security_group.gpu_sg: Destruction complete after 2s
aws_security_group.bastion_sg: Destroying... [id=sg-01fbc082122c6097a]
aws_security_group.alb_sg: Destroying... [id=sg-03b86bb2863e9d840]
aws_iam_role.ai_role: Destruction complete after 0s
random_id.id: Destroying... [id=byPqVw]
random_id.id: Destruction complete after 0s
aws_security_group.alb_sg: Destruction complete after 1s
aws_security_group.bastion_sg: Destruction complete after 1s
aws_nat_gateway.nat: Still destroying... [id=nat-0be097865857d3a7f, 00m50s elapsed]
aws_nat_gateway.nat: Destruction complete after 51s
aws_internet_gateway.igw: Destroying... [id=igw-0b6dcc8d9d0ca72d1]
aws_subnet.public[0]: Destroying... [id=subnet-084bbde7a38273a5f]
aws_subnet.public[1]: Destroying... [id=subnet-0846310a83b4296ba]
aws_eip.nat_eip: Destroying... [id=eipalloc-0208ef44b931102f6]
aws_subnet.public[1]: Destruction complete after 1s
aws_subnet.public[0]: Destruction complete after 2s
aws_internet_gateway.igw: Destruction complete after 2s
aws_vpc.ai_vpc: Destroying... [id=vpc-0b0a8cd77c5a2e3b4]
aws_eip.nat_eip: Destruction complete after 2s
aws_vpc.ai_vpc: Destruction complete after 1s

Destroy complete! Resources: 27 destroyed.
